[debug] [2025-03-26T12:12:40.072Z] ----------------------------------------------------------------------
[debug] [2025-03-26T12:12:40.075Z] Command:       D:\nodejs\node.exe C:\Users\manue\AppData\Roaming\npm\node_modules\firebase-tools\lib\bin\firebase.js emulators:start
[debug] [2025-03-26T12:12:40.075Z] CLI Version:   13.35.1
[debug] [2025-03-26T12:12:40.075Z] Platform:      win32
[debug] [2025-03-26T12:12:40.076Z] Node Version:  v20.15.0
[debug] [2025-03-26T12:12:40.076Z] Time:          Wed Mar 26 2025 13:12:40 GMT+0100 (hora estándar de Europa central)
[debug] [2025-03-26T12:12:40.076Z] ----------------------------------------------------------------------
[debug] 
[debug] [2025-03-26T12:12:40.293Z] > command requires scopes: ["email","openid","https://www.googleapis.com/auth/cloudplatformprojects.readonly","https://www.googleapis.com/auth/firebase","https://www.googleapis.com/auth/cloud-platform"]
[debug] [2025-03-26T12:12:40.293Z] > authorizing via signed-in user (manuelburgosgranados@gmail.com)
[debug] [2025-03-26T12:12:40.492Z] java version "17.0.10" 2024-01-16 LTS
Java(TM) SE Runtime Environment (build 17.0.10+11-LTS-240)

[debug] [2025-03-26T12:12:40.492Z] Java HotSpot(TM) 64-Bit Server VM (build 17.0.10+11-LTS-240, mixed mode, sharing)

[debug] [2025-03-26T12:12:40.519Z] Parsed Java major version: 17
[info] i  emulators: Starting emulators: auth, firestore {"metadata":{"emulator":{"name":"hub"},"message":"Starting emulators: auth, firestore"}}
[debug] [2025-03-26T12:12:40.528Z] [logging] Logging Emulator only supports listening on one address (127.0.0.1). Not listening on ::1
[debug] [2025-03-26T12:12:40.529Z] [auth] Authentication Emulator only supports listening on one address (127.0.0.1). Not listening on ::1
[debug] [2025-03-26T12:12:40.529Z] [firestore] Firestore Emulator only supports listening on one address (127.0.0.1). Not listening on ::1
[debug] [2025-03-26T12:12:40.529Z] [firestore.websocket] websocket server for firestore only supports listening on one address (127.0.0.1). Not listening on ::1
[debug] [2025-03-26T12:12:40.529Z] assigned listening specs for emulators {"user":{"hub":[{"address":"127.0.0.1","family":"IPv4","port":4400},{"address":"::1","family":"IPv6","port":4400}],"ui":[{"address":"127.0.0.1","family":"IPv4","port":4000},{"address":"::1","family":"IPv6","port":4000}],"logging":[{"address":"127.0.0.1","family":"IPv4","port":4500}],"auth":[{"address":"127.0.0.1","family":"IPv4","port":9099}],"firestore":[{"address":"127.0.0.1","family":"IPv4","port":8080}],"firestore.websocket":[{"address":"127.0.0.1","family":"IPv4","port":9150}]},"metadata":{"message":"assigned listening specs for emulators"}}
[debug] [2025-03-26T12:12:40.533Z] [hub] writing locator at C:\Users\manue\AppData\Local\Temp\hub-pf25-manuel-burgos.json
[warn] !  firestore: Cloud Firestore Emulator does not support multiple databases yet. {"metadata":{"emulator":{"name":"firestore"},"message":"Cloud Firestore Emulator does not support multiple databases yet."}}
[warn] !  firestore: Did not find a Cloud Firestore rules file specified in a firebase.json config file. {"metadata":{"emulator":{"name":"firestore"},"message":"Did not find a Cloud Firestore rules file specified in a firebase.json config file."}}
[warn] !  firestore: The emulator will default to allowing all reads and writes. Learn more about this option: https://firebase.google.com/docs/emulator-suite/install_and_configure#security_rules_configuration. {"metadata":{"emulator":{"name":"firestore"},"message":"The emulator will default to allowing all reads and writes. Learn more about this option: https://firebase.google.com/docs/emulator-suite/install_and_configure#security_rules_configuration."}}
[debug] [2025-03-26T12:12:40.541Z] Ignoring unsupported arg: auto_download {"metadata":{"emulator":{"name":"firestore"},"message":"Ignoring unsupported arg: auto_download"}}
[debug] [2025-03-26T12:12:40.542Z] Ignoring unsupported arg: single_project_mode_error {"metadata":{"emulator":{"name":"firestore"},"message":"Ignoring unsupported arg: single_project_mode_error"}}
[debug] [2025-03-26T12:12:40.542Z] Starting Firestore Emulator with command {"binary":"java","args":["-Dgoogle.cloud_firestore.debug_log_level=FINE","-Duser.language=en","-jar","C:\\Users\\manue\\.cache\\firebase\\emulators\\cloud-firestore-emulator-v1.19.8.jar","--host","127.0.0.1","--port",8080,"--websocket_port",9150,"--project_id","pf25-manuel-burgos","--single_project_mode",true],"optionalArgs":["port","webchannel_port","host","rules","websocket_port","functions_emulator","seed_from_export","project_id","single_project_mode"],"joinArgs":false,"shell":false,"port":8080} {"metadata":{"emulator":{"name":"firestore"},"message":"Starting Firestore Emulator with command {\"binary\":\"java\",\"args\":[\"-Dgoogle.cloud_firestore.debug_log_level=FINE\",\"-Duser.language=en\",\"-jar\",\"C:\\\\Users\\\\manue\\\\.cache\\\\firebase\\\\emulators\\\\cloud-firestore-emulator-v1.19.8.jar\",\"--host\",\"127.0.0.1\",\"--port\",8080,\"--websocket_port\",9150,\"--project_id\",\"pf25-manuel-burgos\",\"--single_project_mode\",true],\"optionalArgs\":[\"port\",\"webchannel_port\",\"host\",\"rules\",\"websocket_port\",\"functions_emulator\",\"seed_from_export\",\"project_id\",\"single_project_mode\"],\"joinArgs\":false,\"shell\":false,\"port\":8080}"}}
[info] i  firestore: Firestore Emulator logging to firestore-debug.log {"metadata":{"emulator":{"name":"firestore"},"message":"Firestore Emulator logging to \u001b[1mfirestore-debug.log\u001b[22m"}}
[debug] [2025-03-26T12:12:41.657Z] Mar 26, 2025 1:12:41 PM com.google.cloud.datastore.emulator.firestore.websocket.WebSocketServer start
INFO: Started WebSocket server on ws://127.0.0.1:9150
 {"metadata":{"emulator":{"name":"firestore"},"message":"Mar 26, 2025 1:12:41 PM com.google.cloud.datastore.emulator.firestore.websocket.WebSocketServer start\r\nINFO: Started WebSocket server on ws://127.0.0.1:9150\r\n"}}
[debug] [2025-03-26T12:12:41.702Z] API endpoint: http:// {"metadata":{"emulator":{"name":"firestore"},"message":"API endpoint: http://"}}
[debug] [2025-03-26T12:12:41.703Z] 127.0.0.1:8080
If you are using a library that supports the FIRESTORE_EMULATOR_HOST environment variable, run:

   export FIRESTORE_EMULATOR_HOST=127.0.0.1:8080

If you are running a Firestore in Datastore Mode project, run:

   export DATASTORE_EMULATOR_HOST=127.0.0.1:8080

Note: Support for Datastore Mode is in preview. If you encounter any bugs please file at https://github.com/firebase/firebase-tools/issues.
Dev App Server is now running.

 {"metadata":{"emulator":{"name":"firestore"},"message":"127.0.0.1:8080\nIf you are using a library that supports the FIRESTORE_EMULATOR_HOST environment variable, run:\r\n\n   export FIRESTORE_EMULATOR_HOST=127.0.0.1:8080\n\nIf you are running a Firestore in Datastore Mode project, run:\r\n\n   export DATASTORE_EMULATOR_HOST=127.0.0.1:8080\n\nNote: Support for Datastore Mode is in preview. If you encounter any bugs please file at https://github.com/firebase/firebase-tools/issues.\r\nDev App Server is now running.\n\r\n"}}
[info] +  firestore: Firestore Emulator UI websocket is running on 9150. {"metadata":{"emulator":{"name":"firestore"},"message":"Firestore Emulator UI websocket is running on 9150."}}
[info] i  ui: downloading ui-v1.14.0.zip... {"metadata":{"emulator":{"name":"ui"},"message":"downloading ui-v1.14.0.zip..."}}
[debug] [2025-03-26T12:12:47.523Z] >>> [apiv2][query] GET https://storage.googleapis.com/firebase-preview-drop/emulator/ui-v1.14.0.zip 
[debug] [2025-03-26T12:12:47.636Z] <<< [apiv2][status] GET https://storage.googleapis.com/firebase-preview-drop/emulator/ui-v1.14.0.zip 200
[debug] [2025-03-26T12:12:47.636Z] <<< [apiv2][body] GET https://storage.googleapis.com/firebase-preview-drop/emulator/ui-v1.14.0.zip [stream]
[debug] [2025-03-26T12:12:47.919Z] Data is 3615311
[debug] [2025-03-26T12:12:47.920Z] [unzip] Entry: client/ (compressed_size=0 bytes, uncompressed_size=0 bytes)
[debug] [2025-03-26T12:12:47.920Z] [unzip] Processing entry: client\
[debug] [2025-03-26T12:12:47.920Z] [unzip] mkdir: C:\Users\manue\.cache\firebase\emulators\ui-v1.14.0\client\
[debug] [2025-03-26T12:12:47.920Z] [unzip] Entry: client/favicon-16x16.png (compressed_size=293 bytes, uncompressed_size=293 bytes)
[debug] [2025-03-26T12:12:47.920Z] [unzip] Processing entry: client\favicon-16x16.png
[debug] [2025-03-26T12:12:47.920Z] [unzip] else mkdir: C:\Users\manue\.cache\firebase\emulators\ui-v1.14.0\client
[debug] [2025-03-26T12:12:47.921Z] [unzip] Writing file: C:\Users\manue\.cache\firebase\emulators\ui-v1.14.0\client\favicon-16x16.png
[debug] [2025-03-26T12:12:47.922Z] [unzip] Entry: client/safari-pinned-tab.svg (compressed_size=1433 bytes, uncompressed_size=2611 bytes)
[debug] [2025-03-26T12:12:47.922Z] [unzip] Processing entry: client\safari-pinned-tab.svg
[debug] [2025-03-26T12:12:47.922Z] [unzip] else mkdir: C:\Users\manue\.cache\firebase\emulators\ui-v1.14.0\client
[debug] [2025-03-26T12:12:47.922Z] [unzip] deflating: C:\Users\manue\.cache\firebase\emulators\ui-v1.14.0\client\safari-pinned-tab.svg
[debug] [2025-03-26T12:12:47.926Z] [unzip] Entry: client/favicon.ico (compressed_size=2933 bytes, uncompressed_size=13294 bytes)
[debug] [2025-03-26T12:12:47.926Z] [unzip] Processing entry: client\favicon.ico
[debug] [2025-03-26T12:12:47.926Z] [unzip] else mkdir: C:\Users\manue\.cache\firebase\emulators\ui-v1.14.0\client
[debug] [2025-03-26T12:12:47.926Z] [unzip] deflating: C:\Users\manue\.cache\firebase\emulators\ui-v1.14.0\client\favicon.ico
[debug] [2025-03-26T12:12:47.928Z] [unzip] Entry: client/index.html (compressed_size=1363 bytes, uncompressed_size=3071 bytes)
[debug] [2025-03-26T12:12:47.928Z] [unzip] Processing entry: client\index.html
[debug] [2025-03-26T12:12:47.928Z] [unzip] else mkdir: C:\Users\manue\.cache\firebase\emulators\ui-v1.14.0\client
[debug] [2025-03-26T12:12:47.928Z] [unzip] deflating: C:\Users\manue\.cache\firebase\emulators\ui-v1.14.0\client\index.html
[debug] [2025-03-26T12:12:47.930Z] [unzip] Entry: client/android-chrome-192x192.png (compressed_size=2684 bytes, uncompressed_size=2684 bytes)
[debug] [2025-03-26T12:12:47.930Z] [unzip] Processing entry: client\android-chrome-192x192.png
[debug] [2025-03-26T12:12:47.930Z] [unzip] else mkdir: C:\Users\manue\.cache\firebase\emulators\ui-v1.14.0\client
[debug] [2025-03-26T12:12:47.930Z] [unzip] Writing file: C:\Users\manue\.cache\firebase\emulators\ui-v1.14.0\client\android-chrome-192x192.png
[debug] [2025-03-26T12:12:47.932Z] [unzip] Entry: client/apple-touch-icon.png (compressed_size=2123 bytes, uncompressed_size=2152 bytes)
[debug] [2025-03-26T12:12:47.932Z] [unzip] Processing entry: client\apple-touch-icon.png
[debug] [2025-03-26T12:12:47.932Z] [unzip] else mkdir: C:\Users\manue\.cache\firebase\emulators\ui-v1.14.0\client
[debug] [2025-03-26T12:12:47.932Z] [unzip] deflating: C:\Users\manue\.cache\firebase\emulators\ui-v1.14.0\client\apple-touch-icon.png
[debug] [2025-03-26T12:12:47.933Z] [unzip] Entry: client/android-chrome-512x512.png (compressed_size=5369 bytes, uncompressed_size=5411 bytes)
[debug] [2025-03-26T12:12:47.933Z] [unzip] Processing entry: client\android-chrome-512x512.png
[debug] [2025-03-26T12:12:47.933Z] [unzip] else mkdir: C:\Users\manue\.cache\firebase\emulators\ui-v1.14.0\client
[debug] [2025-03-26T12:12:47.934Z] [unzip] deflating: C:\Users\manue\.cache\firebase\emulators\ui-v1.14.0\client\android-chrome-512x512.png
[debug] [2025-03-26T12:12:47.935Z] [unzip] Entry: client/manifest.json (compressed_size=245 bytes, uncompressed_size=551 bytes)
[debug] [2025-03-26T12:12:47.935Z] [unzip] Processing entry: client\manifest.json
[debug] [2025-03-26T12:12:47.935Z] [unzip] else mkdir: C:\Users\manue\.cache\firebase\emulators\ui-v1.14.0\client
[debug] [2025-03-26T12:12:47.935Z] [unzip] deflating: C:\Users\manue\.cache\firebase\emulators\ui-v1.14.0\client\manifest.json
[debug] [2025-03-26T12:12:47.936Z] [unzip] Entry: client/robots.txt (compressed_size=26 bytes, uncompressed_size=26 bytes)
[debug] [2025-03-26T12:12:47.936Z] [unzip] Processing entry: client\robots.txt
[debug] [2025-03-26T12:12:47.936Z] [unzip] else mkdir: C:\Users\manue\.cache\firebase\emulators\ui-v1.14.0\client
[debug] [2025-03-26T12:12:47.937Z] [unzip] Writing file: C:\Users\manue\.cache\firebase\emulators\ui-v1.14.0\client\robots.txt
[debug] [2025-03-26T12:12:47.937Z] [unzip] Entry: client/mstile-150x150.png (compressed_size=2034 bytes, uncompressed_size=2034 bytes)
[debug] [2025-03-26T12:12:47.938Z] [unzip] Processing entry: client\mstile-150x150.png
[debug] [2025-03-26T12:12:47.938Z] [unzip] else mkdir: C:\Users\manue\.cache\firebase\emulators\ui-v1.14.0\client
[debug] [2025-03-26T12:12:47.938Z] [unzip] Writing file: C:\Users\manue\.cache\firebase\emulators\ui-v1.14.0\client\mstile-150x150.png
[debug] [2025-03-26T12:12:47.938Z] [unzip] Entry: client/assets/ (compressed_size=0 bytes, uncompressed_size=0 bytes)
[debug] [2025-03-26T12:12:47.938Z] [unzip] Processing entry: client\assets\
[debug] [2025-03-26T12:12:47.939Z] [unzip] mkdir: C:\Users\manue\.cache\firebase\emulators\ui-v1.14.0\client\assets\
[debug] [2025-03-26T12:12:47.939Z] [unzip] Entry: client/assets/index-ClZTY_JS.js.map (compressed_size=2328270 bytes, uncompressed_size=9947004 bytes)
[debug] [2025-03-26T12:12:47.939Z] [unzip] Processing entry: client\assets\index-ClZTY_JS.js.map
[debug] [2025-03-26T12:12:47.939Z] [unzip] else mkdir: C:\Users\manue\.cache\firebase\emulators\ui-v1.14.0\client\assets
[debug] [2025-03-26T12:12:47.940Z] [unzip] deflating: C:\Users\manue\.cache\firebase\emulators\ui-v1.14.0\client\assets\index-ClZTY_JS.js.map
[debug] [2025-03-26T12:12:47.983Z] [unzip] Entry: client/assets/index-ClZTY_JS.js (compressed_size=567195 bytes, uncompressed_size=2035940 bytes)
[debug] [2025-03-26T12:12:47.983Z] [unzip] Processing entry: client\assets\index-ClZTY_JS.js
[debug] [2025-03-26T12:12:47.983Z] [unzip] else mkdir: C:\Users\manue\.cache\firebase\emulators\ui-v1.14.0\client\assets
[debug] [2025-03-26T12:12:47.984Z] [unzip] deflating: C:\Users\manue\.cache\firebase\emulators\ui-v1.14.0\client\assets\index-ClZTY_JS.js
[debug] [2025-03-26T12:12:47.994Z] [unzip] Entry: client/assets/index-BdgySamB.css (compressed_size=35979 bytes, uncompressed_size=298654 bytes)
[debug] [2025-03-26T12:12:47.994Z] [unzip] Processing entry: client\assets\index-BdgySamB.css
[debug] [2025-03-26T12:12:47.994Z] [unzip] else mkdir: C:\Users\manue\.cache\firebase\emulators\ui-v1.14.0\client\assets
[debug] [2025-03-26T12:12:47.994Z] [unzip] deflating: C:\Users\manue\.cache\firebase\emulators\ui-v1.14.0\client\assets\index-BdgySamB.css
[debug] [2025-03-26T12:12:47.996Z] [unzip] Entry: client/assets/extensions/ (compressed_size=0 bytes, uncompressed_size=0 bytes)
[debug] [2025-03-26T12:12:47.996Z] [unzip] Processing entry: client\assets\extensions\
[debug] [2025-03-26T12:12:47.996Z] [unzip] mkdir: C:\Users\manue\.cache\firebase\emulators\ui-v1.14.0\client\assets\extensions\
[debug] [2025-03-26T12:12:47.997Z] [unzip] Entry: client/assets/extensions/default-extension.png (compressed_size=1646 bytes, uncompressed_size=1657 bytes)
[debug] [2025-03-26T12:12:47.997Z] [unzip] Processing entry: client\assets\extensions\default-extension.png
[debug] [2025-03-26T12:12:47.997Z] [unzip] else mkdir: C:\Users\manue\.cache\firebase\emulators\ui-v1.14.0\client\assets\extensions
[debug] [2025-03-26T12:12:47.998Z] [unzip] deflating: C:\Users\manue\.cache\firebase\emulators\ui-v1.14.0\client\assets\extensions\default-extension.png
[debug] [2025-03-26T12:12:47.999Z] [unzip] Entry: client/assets/img/ (compressed_size=0 bytes, uncompressed_size=0 bytes)
[debug] [2025-03-26T12:12:47.999Z] [unzip] Processing entry: client\assets\img\
[debug] [2025-03-26T12:12:47.999Z] [unzip] mkdir: C:\Users\manue\.cache\firebase\emulators\ui-v1.14.0\client\assets\img\
[debug] [2025-03-26T12:12:48.000Z] [unzip] Entry: client/assets/img/database.png (compressed_size=29449 bytes, uncompressed_size=29988 bytes)
[debug] [2025-03-26T12:12:48.000Z] [unzip] Processing entry: client\assets\img\database.png
[debug] [2025-03-26T12:12:48.000Z] [unzip] else mkdir: C:\Users\manue\.cache\firebase\emulators\ui-v1.14.0\client\assets\img
[debug] [2025-03-26T12:12:48.000Z] [unzip] deflating: C:\Users\manue\.cache\firebase\emulators\ui-v1.14.0\client\assets\img\database.png
[debug] [2025-03-26T12:12:48.001Z] [unzip] Entry: client/assets/provider-icons/ (compressed_size=0 bytes, uncompressed_size=0 bytes)
[debug] [2025-03-26T12:12:48.001Z] [unzip] Processing entry: client\assets\provider-icons\
[debug] [2025-03-26T12:12:48.001Z] [unzip] mkdir: C:\Users\manue\.cache\firebase\emulators\ui-v1.14.0\client\assets\provider-icons\
[debug] [2025-03-26T12:12:48.002Z] [unzip] Entry: client/assets/provider-icons/auth_service_saml.svg (compressed_size=575 bytes, uncompressed_size=1226 bytes)
[debug] [2025-03-26T12:12:48.002Z] [unzip] Processing entry: client\assets\provider-icons\auth_service_saml.svg
[debug] [2025-03-26T12:12:48.002Z] [unzip] else mkdir: C:\Users\manue\.cache\firebase\emulators\ui-v1.14.0\client\assets\provider-icons
[debug] [2025-03-26T12:12:48.003Z] [unzip] deflating: C:\Users\manue\.cache\firebase\emulators\ui-v1.14.0\client\assets\provider-icons\auth_service_saml.svg
[debug] [2025-03-26T12:12:48.004Z] [unzip] Entry: client/assets/provider-icons/auth_service_phone.svg (compressed_size=261 bytes, uncompressed_size=414 bytes)
[debug] [2025-03-26T12:12:48.004Z] [unzip] Processing entry: client\assets\provider-icons\auth_service_phone.svg
[debug] [2025-03-26T12:12:48.004Z] [unzip] else mkdir: C:\Users\manue\.cache\firebase\emulators\ui-v1.14.0\client\assets\provider-icons
[debug] [2025-03-26T12:12:48.004Z] [unzip] deflating: C:\Users\manue\.cache\firebase\emulators\ui-v1.14.0\client\assets\provider-icons\auth_service_phone.svg
[debug] [2025-03-26T12:12:48.005Z] [unzip] Entry: client/assets/provider-icons/auth_service_facebook.svg (compressed_size=289 bytes, uncompressed_size=457 bytes)
[debug] [2025-03-26T12:12:48.005Z] [unzip] Processing entry: client\assets\provider-icons\auth_service_facebook.svg
[debug] [2025-03-26T12:12:48.005Z] [unzip] else mkdir: C:\Users\manue\.cache\firebase\emulators\ui-v1.14.0\client\assets\provider-icons
[debug] [2025-03-26T12:12:48.007Z] [unzip] deflating: C:\Users\manue\.cache\firebase\emulators\ui-v1.14.0\client\assets\provider-icons\auth_service_facebook.svg
[debug] [2025-03-26T12:12:48.008Z] [unzip] Entry: client/assets/provider-icons/auth_service_game_center.svg (compressed_size=991 bytes, uncompressed_size=3921 bytes)
[debug] [2025-03-26T12:12:48.008Z] [unzip] Processing entry: client\assets\provider-icons\auth_service_game_center.svg
[debug] [2025-03-26T12:12:48.008Z] [unzip] else mkdir: C:\Users\manue\.cache\firebase\emulators\ui-v1.14.0\client\assets\provider-icons
[debug] [2025-03-26T12:12:48.008Z] [unzip] deflating: C:\Users\manue\.cache\firebase\emulators\ui-v1.14.0\client\assets\provider-icons\auth_service_game_center.svg
[debug] [2025-03-26T12:12:48.009Z] [unzip] Entry: client/assets/provider-icons/auth_service_apple.svg (compressed_size=230 bytes, uncompressed_size=334 bytes)
[debug] [2025-03-26T12:12:48.009Z] [unzip] Processing entry: client\assets\provider-icons\auth_service_apple.svg
[debug] [2025-03-26T12:12:48.010Z] [unzip] else mkdir: C:\Users\manue\.cache\firebase\emulators\ui-v1.14.0\client\assets\provider-icons
[debug] [2025-03-26T12:12:48.010Z] [unzip] deflating: C:\Users\manue\.cache\firebase\emulators\ui-v1.14.0\client\assets\provider-icons\auth_service_apple.svg
[debug] [2025-03-26T12:12:48.013Z] [unzip] Entry: client/assets/provider-icons/auth_service_github.svg (compressed_size=466 bytes, uncompressed_size=838 bytes)
[debug] [2025-03-26T12:12:48.013Z] [unzip] Processing entry: client\assets\provider-icons\auth_service_github.svg
[debug] [2025-03-26T12:12:48.013Z] [unzip] else mkdir: C:\Users\manue\.cache\firebase\emulators\ui-v1.14.0\client\assets\provider-icons
[debug] [2025-03-26T12:12:48.013Z] [unzip] deflating: C:\Users\manue\.cache\firebase\emulators\ui-v1.14.0\client\assets\provider-icons\auth_service_github.svg
[debug] [2025-03-26T12:12:48.014Z] [unzip] Entry: client/assets/provider-icons/auth_service_mslive.svg (compressed_size=203 bytes, uncompressed_size=378 bytes)
[debug] [2025-03-26T12:12:48.015Z] [unzip] Processing entry: client\assets\provider-icons\auth_service_mslive.svg
[debug] [2025-03-26T12:12:48.015Z] [unzip] else mkdir: C:\Users\manue\.cache\firebase\emulators\ui-v1.14.0\client\assets\provider-icons
[debug] [2025-03-26T12:12:48.015Z] [unzip] deflating: C:\Users\manue\.cache\firebase\emulators\ui-v1.14.0\client\assets\provider-icons\auth_service_mslive.svg
[debug] [2025-03-26T12:12:48.016Z] [unzip] Entry: client/assets/provider-icons/auth_service_yahoo.svg (compressed_size=577 bytes, uncompressed_size=1182 bytes)
[debug] [2025-03-26T12:12:48.017Z] [unzip] Processing entry: client\assets\provider-icons\auth_service_yahoo.svg
[debug] [2025-03-26T12:12:48.017Z] [unzip] else mkdir: C:\Users\manue\.cache\firebase\emulators\ui-v1.14.0\client\assets\provider-icons
[debug] [2025-03-26T12:12:48.017Z] [unzip] deflating: C:\Users\manue\.cache\firebase\emulators\ui-v1.14.0\client\assets\provider-icons\auth_service_yahoo.svg
[debug] [2025-03-26T12:12:48.018Z] [unzip] Entry: client/assets/provider-icons/auth_service_twitter.svg (compressed_size=444 bytes, uncompressed_size=751 bytes)
[debug] [2025-03-26T12:12:48.019Z] [unzip] Processing entry: client\assets\provider-icons\auth_service_twitter.svg
[debug] [2025-03-26T12:12:48.019Z] [unzip] else mkdir: C:\Users\manue\.cache\firebase\emulators\ui-v1.14.0\client\assets\provider-icons
[debug] [2025-03-26T12:12:48.019Z] [unzip] deflating: C:\Users\manue\.cache\firebase\emulators\ui-v1.14.0\client\assets\provider-icons\auth_service_twitter.svg
[debug] [2025-03-26T12:12:48.020Z] [unzip] Entry: client/assets/provider-icons/auth_service_play_games.svg (compressed_size=565 bytes, uncompressed_size=1173 bytes)
[debug] [2025-03-26T12:12:48.020Z] [unzip] Processing entry: client\assets\provider-icons\auth_service_play_games.svg
[debug] [2025-03-26T12:12:48.020Z] [unzip] else mkdir: C:\Users\manue\.cache\firebase\emulators\ui-v1.14.0\client\assets\provider-icons
[debug] [2025-03-26T12:12:48.021Z] [unzip] deflating: C:\Users\manue\.cache\firebase\emulators\ui-v1.14.0\client\assets\provider-icons\auth_service_play_games.svg
[debug] [2025-03-26T12:12:48.022Z] [unzip] Entry: client/assets/provider-icons/auth_service_email.svg (compressed_size=228 bytes, uncompressed_size=326 bytes)
[debug] [2025-03-26T12:12:48.022Z] [unzip] Processing entry: client\assets\provider-icons\auth_service_email.svg
[debug] [2025-03-26T12:12:48.022Z] [unzip] else mkdir: C:\Users\manue\.cache\firebase\emulators\ui-v1.14.0\client\assets\provider-icons
[debug] [2025-03-26T12:12:48.022Z] [unzip] deflating: C:\Users\manue\.cache\firebase\emulators\ui-v1.14.0\client\assets\provider-icons\auth_service_email.svg
[debug] [2025-03-26T12:12:48.023Z] [unzip] Entry: client/assets/provider-icons/auth_service_google.svg (compressed_size=409 bytes, uncompressed_size=720 bytes)
[debug] [2025-03-26T12:12:48.023Z] [unzip] Processing entry: client\assets\provider-icons\auth_service_google.svg
[debug] [2025-03-26T12:12:48.023Z] [unzip] else mkdir: C:\Users\manue\.cache\firebase\emulators\ui-v1.14.0\client\assets\provider-icons
[debug] [2025-03-26T12:12:48.023Z] [unzip] deflating: C:\Users\manue\.cache\firebase\emulators\ui-v1.14.0\client\assets\provider-icons\auth_service_google.svg
[debug] [2025-03-26T12:12:48.024Z] [unzip] Entry: client/assets/provider-icons/auth_service_oidc.svg (compressed_size=414 bytes, uncompressed_size=858 bytes)
[debug] [2025-03-26T12:12:48.024Z] [unzip] Processing entry: client\assets\provider-icons\auth_service_oidc.svg
[debug] [2025-03-26T12:12:48.024Z] [unzip] else mkdir: C:\Users\manue\.cache\firebase\emulators\ui-v1.14.0\client\assets\provider-icons
[debug] [2025-03-26T12:12:48.025Z] [unzip] deflating: C:\Users\manue\.cache\firebase\emulators\ui-v1.14.0\client\assets\provider-icons\auth_service_oidc.svg
[debug] [2025-03-26T12:12:48.027Z] [unzip] Entry: client/browserconfig.xml (compressed_size=491 bytes, uncompressed_size=822 bytes)
[debug] [2025-03-26T12:12:48.027Z] [unzip] Processing entry: client\browserconfig.xml
[debug] [2025-03-26T12:12:48.027Z] [unzip] else mkdir: C:\Users\manue\.cache\firebase\emulators\ui-v1.14.0\client
[debug] [2025-03-26T12:12:48.027Z] [unzip] deflating: C:\Users\manue\.cache\firebase\emulators\ui-v1.14.0\client\browserconfig.xml
[debug] [2025-03-26T12:12:48.029Z] [unzip] Entry: client/favicon-32x32.png (compressed_size=475 bytes, uncompressed_size=475 bytes)
[debug] [2025-03-26T12:12:48.029Z] [unzip] Processing entry: client\favicon-32x32.png
[debug] [2025-03-26T12:12:48.029Z] [unzip] else mkdir: C:\Users\manue\.cache\firebase\emulators\ui-v1.14.0\client
[debug] [2025-03-26T12:12:48.030Z] [unzip] Writing file: C:\Users\manue\.cache\firebase\emulators\ui-v1.14.0\client\favicon-32x32.png
[debug] [2025-03-26T12:12:48.030Z] [unzip] Entry: server/ (compressed_size=0 bytes, uncompressed_size=0 bytes)
[debug] [2025-03-26T12:12:48.030Z] [unzip] Processing entry: server\
[debug] [2025-03-26T12:12:48.030Z] [unzip] mkdir: C:\Users\manue\.cache\firebase\emulators\ui-v1.14.0\server\
[debug] [2025-03-26T12:12:48.031Z] [unzip] Entry: server/server.mjs.map (compressed_size=296496 bytes, uncompressed_size=1355667 bytes)
[debug] [2025-03-26T12:12:48.031Z] [unzip] Processing entry: server\server.mjs.map
[debug] [2025-03-26T12:12:48.031Z] [unzip] else mkdir: C:\Users\manue\.cache\firebase\emulators\ui-v1.14.0\server
[debug] [2025-03-26T12:12:48.031Z] [unzip] deflating: C:\Users\manue\.cache\firebase\emulators\ui-v1.14.0\server\server.mjs.map
[debug] [2025-03-26T12:12:48.038Z] [unzip] Entry: server/server.mjs (compressed_size=315701 bytes, uncompressed_size=1172682 bytes)
[debug] [2025-03-26T12:12:48.038Z] [unzip] Processing entry: server\server.mjs
[debug] [2025-03-26T12:12:48.038Z] [unzip] else mkdir: C:\Users\manue\.cache\firebase\emulators\ui-v1.14.0\server
[debug] [2025-03-26T12:12:48.038Z] [unzip] deflating: C:\Users\manue\.cache\firebase\emulators\ui-v1.14.0\server\server.mjs
[debug] [2025-03-26T12:12:48.044Z] [unzip] Entry: server/assets/ (compressed_size=0 bytes, uncompressed_size=0 bytes)
[debug] [2025-03-26T12:12:48.044Z] [unzip] Processing entry: server\assets\
[debug] [2025-03-26T12:12:48.044Z] [unzip] mkdir: C:\Users\manue\.cache\firebase\emulators\ui-v1.14.0\server\assets\
[debug] [2025-03-26T12:12:48.044Z] [unzip] Entry: server/assets/multipart-parser-DGCUZdXu.mjs.map (compressed_size=4791 bytes, uncompressed_size=17918 bytes)
[debug] [2025-03-26T12:12:48.044Z] [unzip] Processing entry: server\assets\multipart-parser-DGCUZdXu.mjs.map
[debug] [2025-03-26T12:12:48.044Z] [unzip] else mkdir: C:\Users\manue\.cache\firebase\emulators\ui-v1.14.0\server\assets
[debug] [2025-03-26T12:12:48.045Z] [unzip] deflating: C:\Users\manue\.cache\firebase\emulators\ui-v1.14.0\server\assets\multipart-parser-DGCUZdXu.mjs.map
[debug] [2025-03-26T12:12:48.045Z] [unzip] Entry: server/assets/multipart-parser-DGCUZdXu.mjs (compressed_size=2621 bytes, uncompressed_size=10390 bytes)
[debug] [2025-03-26T12:12:48.045Z] [unzip] Processing entry: server\assets\multipart-parser-DGCUZdXu.mjs
[debug] [2025-03-26T12:12:48.045Z] [unzip] else mkdir: C:\Users\manue\.cache\firebase\emulators\ui-v1.14.0\server\assets
[debug] [2025-03-26T12:12:48.046Z] [unzip] deflating: C:\Users\manue\.cache\firebase\emulators\ui-v1.14.0\server\assets\multipart-parser-DGCUZdXu.mjs
[debug] [2025-03-26T12:12:48.053Z] Could not find VSCode notification endpoint: FetchError: request to http://localhost:40001/vscode/notify failed, reason: . If you are not running the Firebase Data Connect VSCode extension, this is expected and not an issue.
[info] 
┌─────────────────────────────────────────────────────────────┐
│ ✔  All emulators ready! It is now safe to connect your app. │
│ i  View Emulator UI at http://127.0.0.1:4000/               │
└─────────────────────────────────────────────────────────────┘

┌────────────────┬────────────────┬─────────────────────────────────┐
│ Emulator       │ Host:Port      │ View in Emulator UI             │
├────────────────┼────────────────┼─────────────────────────────────┤
│ Authentication │ 127.0.0.1:9099 │ http://127.0.0.1:4000/auth      │
├────────────────┼────────────────┼─────────────────────────────────┤
│ Firestore      │ 127.0.0.1:8080 │ http://127.0.0.1:4000/firestore │
└────────────────┴────────────────┴─────────────────────────────────┘
  Emulator Hub host: 127.0.0.1 port: 4400
  Other reserved ports: 4500, 9150

Issues? Report them at https://github.com/firebase/firebase-tools/issues and attach the *-debug.log files.
 
[debug] [2025-03-26T12:12:53.539Z] Mar 26, 2025 1:12:53 PM com.google.cloud.datastore.emulator.firestore.websocket.WebSocketChannelHandler initChannel
INFO: Connected to new websocket client
 {"metadata":{"emulator":{"name":"firestore"},"message":"Mar 26, 2025 1:12:53 PM com.google.cloud.datastore.emulator.firestore.websocket.WebSocketChannelHandler initChannel\r\nINFO: Connected to new websocket client\r\n"}}
[debug] [2025-03-26T12:13:07.554Z] Mar 26, 2025 1:13:07 PM com.google.cloud.datastore.emulator.firestore.websocket.WebSocketChannelHandler initChannel
INFO: Connected to new websocket client
 {"metadata":{"emulator":{"name":"firestore"},"message":"Mar 26, 2025 1:13:07 PM com.google.cloud.datastore.emulator.firestore.websocket.WebSocketChannelHandler initChannel\r\nINFO: Connected to new websocket client\r\n"}}
[debug] [2025-03-26T12:13:07.578Z] Mar 26, 2025 1:13:07 PM io.gapi.emulators.netty.HttpVersionRoutingHandler channelRead
INFO: Detected non-HTTP/2 connection.
 {"metadata":{"emulator":{"name":"firestore"},"message":"Mar 26, 2025 1:13:07 PM io.gapi.emulators.netty.HttpVersionRoutingHandler channelRead\r\nINFO: Detected non-HTTP/2 connection.\r\n"}}
[debug] [2025-03-26T12:13:07.703Z] Mar 26, 2025 1:13:07 PM io.gapi.emulators.netty.HttpVersionRoutingHandler channelRead
INFO: Detected HTTP/2 connection.
 {"metadata":{"emulator":{"name":"firestore"},"message":"Mar 26, 2025 1:13:07 PM io.gapi.emulators.netty.HttpVersionRoutingHandler channelRead\r\nINFO: Detected HTTP/2 connection.\r\n"}}
[debug] [2025-03-26T12:13:29.930Z] Mar 26, 2025 1:13:29 PM com.google.cloud.datastore.emulator.firestore.websocket.WebSocketChannelHandler initChannel
INFO: Connected to new websocket client
 {"metadata":{"emulator":{"name":"firestore"},"message":"Mar 26, 2025 1:13:29 PM com.google.cloud.datastore.emulator.firestore.websocket.WebSocketChannelHandler initChannel\r\nINFO: Connected to new websocket client\r\n"}}
[debug] [2025-03-26T12:13:32.152Z] Mar 26, 2025 1:13:32 PM com.google.cloud.datastore.emulator.firestore.websocket.WebSocketChannelHandler channelClosed
INFO: Websocket client disconnected
 {"metadata":{"emulator":{"name":"firestore"},"message":"Mar 26, 2025 1:13:32 PM com.google.cloud.datastore.emulator.firestore.websocket.WebSocketChannelHandler channelClosed\r\nINFO: Websocket client disconnected\r\n"}}
[debug] [2025-03-26T12:13:32.904Z] Mar 26, 2025 1:13:32 PM com.google.cloud.datastore.emulator.firestore.websocket.WebSocketChannelHandler channelClosed
INFO: Websocket client disconnected
 {"metadata":{"emulator":{"name":"firestore"},"message":"Mar 26, 2025 1:13:32 PM com.google.cloud.datastore.emulator.firestore.websocket.WebSocketChannelHandler channelClosed\r\nINFO: Websocket client disconnected\r\n"}}
